[16:47:56][INFO ][ContextLoader.java:270] - Root WebApplicationContext: initialization started
[16:48:00][WARN ][AbstractApplicationContext.java:557] - Exception encountered during context initialization - cancelling refresh attempt: org.springframework.beans.factory.BeanCreationException: Error creating bean with name 'sqlSession' defined in class path resource [root-context.xml]: Invocation of init method failed; nested exception is org.springframework.core.NestedIOException: Failed to parse config resource: class path resource [mybatis-config.xml]; nested exception is org.apache.ibatis.builder.BuilderException: Error parsing SQL Mapper Configuration. Cause: java.io.IOException: Could not find resource mappers/member-mapper.xml
[16:48:00][ERROR][ContextLoader.java:312] - Context initialization failed
org.springframework.beans.factory.BeanCreationException: Error creating bean with name 'sqlSession' defined in class path resource [root-context.xml]: Invocation of init method failed; nested exception is org.springframework.core.NestedIOException: Failed to parse config resource: class path resource [mybatis-config.xml]; nested exception is org.apache.ibatis.builder.BuilderException: Error parsing SQL Mapper Configuration. Cause: java.io.IOException: Could not find resource mappers/member-mapper.xml
	at org.springframework.beans.factory.support.AbstractAutowireCapableBeanFactory.initializeBean(AbstractAutowireCapableBeanFactory.java:1762)
	at org.springframework.beans.factory.support.AbstractAutowireCapableBeanFactory.doCreateBean(AbstractAutowireCapableBeanFactory.java:593)
	at org.springframework.beans.factory.support.AbstractAutowireCapableBeanFactory.createBean(AbstractAutowireCapableBeanFactory.java:515)
	at org.springframework.beans.factory.support.AbstractBeanFactory.lambda$doGetBean$0(AbstractBeanFactory.java:320)
	at org.springframework.beans.factory.support.DefaultSingletonBeanRegistry.getSingleton(DefaultSingletonBeanRegistry.java:222)
	at org.springframework.beans.factory.support.AbstractBeanFactory.doGetBean(AbstractBeanFactory.java:318)
	at org.springframework.beans.factory.support.AbstractBeanFactory.getBean(AbstractBeanFactory.java:199)
	at org.springframework.beans.factory.support.DefaultListableBeanFactory.preInstantiateSingletons(DefaultListableBeanFactory.java:830)
	at org.springframework.context.support.AbstractApplicationContext.finishBeanFactoryInitialization(AbstractApplicationContext.java:877)
	at org.springframework.context.support.AbstractApplicationContext.refresh(AbstractApplicationContext.java:549)
	at org.springframework.web.context.ContextLoader.configureAndRefreshWebApplicationContext(ContextLoader.java:400)
	at org.springframework.web.context.ContextLoader.initWebApplicationContext(ContextLoader.java:291)
	at org.springframework.web.context.ContextLoaderListener.contextInitialized(ContextLoaderListener.java:103)
	at org.apache.catalina.core.StandardContext.listenerStart(StandardContext.java:4699)
	at org.apache.catalina.core.StandardContext.startInternal(StandardContext.java:5165)
	at org.apache.catalina.util.LifecycleBase.start(LifecycleBase.java:150)
	at org.apache.catalina.core.ContainerBase$StartChild.call(ContainerBase.java:1412)
	at org.apache.catalina.core.ContainerBase$StartChild.call(ContainerBase.java:1402)
	at java.util.concurrent.FutureTask.run(Unknown Source)
	at java.util.concurrent.ThreadPoolExecutor.runWorker(Unknown Source)
	at java.util.concurrent.ThreadPoolExecutor$Worker.run(Unknown Source)
	at java.lang.Thread.run(Unknown Source)
Caused by: org.springframework.core.NestedIOException: Failed to parse config resource: class path resource [mybatis-config.xml]; nested exception is org.apache.ibatis.builder.BuilderException: Error parsing SQL Mapper Configuration. Cause: java.io.IOException: Could not find resource mappers/member-mapper.xml
	at org.mybatis.spring.SqlSessionFactoryBean.buildSqlSessionFactory(SqlSessionFactoryBean.java:511)
	at org.mybatis.spring.SqlSessionFactoryBean.afterPropertiesSet(SqlSessionFactoryBean.java:424)
	at org.springframework.beans.factory.support.AbstractAutowireCapableBeanFactory.invokeInitMethods(AbstractAutowireCapableBeanFactory.java:1821)
	at org.springframework.beans.factory.support.AbstractAutowireCapableBeanFactory.initializeBean(AbstractAutowireCapableBeanFactory.java:1758)
	... 21 more
Caused by: org.apache.ibatis.builder.BuilderException: Error parsing SQL Mapper Configuration. Cause: java.io.IOException: Could not find resource mappers/member-mapper.xml
	at org.apache.ibatis.builder.xml.XMLConfigBuilder.parseConfiguration(XMLConfigBuilder.java:121)
	at org.apache.ibatis.builder.xml.XMLConfigBuilder.parse(XMLConfigBuilder.java:98)
	at org.mybatis.spring.SqlSessionFactoryBean.buildSqlSessionFactory(SqlSessionFactoryBean.java:508)
	... 24 more
Caused by: java.io.IOException: Could not find resource mappers/member-mapper.xml
	at org.apache.ibatis.io.Resources.getResourceAsStream(Resources.java:114)
	at org.apache.ibatis.io.Resources.getResourceAsStream(Resources.java:100)
	at org.apache.ibatis.builder.xml.XMLConfigBuilder.mapperElement(XMLConfigBuilder.java:371)
	at org.apache.ibatis.builder.xml.XMLConfigBuilder.parseConfiguration(XMLConfigBuilder.java:119)
	... 26 more
[16:48:52][INFO ][ContextLoader.java:270] - Root WebApplicationContext: initialization started
[16:48:56][INFO ][ContextLoader.java:306] - Root WebApplicationContext initialized in 3865 ms
[16:48:56][INFO ][FrameworkServlet.java:524] - Initializing Servlet 'appServlet'
[16:49:01][INFO ][FrameworkServlet.java:546] - Completed initialization in 5095 ms
[16:49:07][INFO ][HomeController.java:27] - Welcome home! The client locale is ko_KR.
[16:51:22][INFO ][ContextLoader.java:270] - Root WebApplicationContext: initialization started
[16:51:26][INFO ][ContextLoader.java:306] - Root WebApplicationContext initialized in 3725 ms
[16:51:26][INFO ][FrameworkServlet.java:524] - Initializing Servlet 'appServlet'
[16:51:30][INFO ][FrameworkServlet.java:546] - Completed initialization in 4236 ms
[16:51:33][INFO ][HomeController.java:27] - Welcome home! The client locale is ko_KR.
[16:52:08][INFO ][HomeController.java:27] - Welcome home! The client locale is ko_KR.
[16:54:57][INFO ][ContextLoader.java:270] - Root WebApplicationContext: initialization started
[16:55:01][INFO ][ContextLoader.java:306] - Root WebApplicationContext initialized in 4152 ms
[16:55:02][INFO ][FrameworkServlet.java:524] - Initializing Servlet 'appServlet'
[16:55:06][INFO ][FrameworkServlet.java:546] - Completed initialization in 4386 ms
[16:55:06][INFO ][HomeController.java:27] - Welcome home! The client locale is ko_KR.
[16:55:35][INFO ][HomeController.java:27] - Welcome home! The client locale is ko_KR.
[16:56:05][INFO ][HomeController.java:27] - Welcome home! The client locale is ko_KR.
[16:56:20][INFO ][HomeController.java:27] - Welcome home! The client locale is ko_KR.
[16:58:24][INFO ][HomeController.java:27] - Welcome home! The client locale is ko_KR.
[16:59:50][INFO ][ContextLoader.java:270] - Root WebApplicationContext: initialization started
[16:59:55][INFO ][ContextLoader.java:306] - Root WebApplicationContext initialized in 4141 ms
[16:59:55][INFO ][FrameworkServlet.java:524] - Initializing Servlet 'appServlet'
[16:59:59][INFO ][FrameworkServlet.java:546] - Completed initialization in 4682 ms
[17:00:00][INFO ][HomeController.java:27] - Welcome home! The client locale is ko_KR.
[17:00:44][INFO ][ContextLoader.java:270] - Root WebApplicationContext: initialization started
[17:00:49][INFO ][ContextLoader.java:306] - Root WebApplicationContext initialized in 4202 ms
[17:00:49][INFO ][FrameworkServlet.java:524] - Initializing Servlet 'appServlet'
[17:00:54][INFO ][FrameworkServlet.java:546] - Completed initialization in 5401 ms
[17:00:55][INFO ][HomeController.java:27] - Welcome home! The client locale is ko_KR.
[17:01:05][INFO ][HomeController.java:27] - Welcome home! The client locale is ko_KR.
[17:01:28][INFO ][HomeController.java:27] - Welcome home! The client locale is ko_KR.
[17:01:59][INFO ][HomeController.java:27] - Welcome home! The client locale is ko_KR.
[17:03:24][INFO ][ContextLoader.java:270] - Root WebApplicationContext: initialization started
[17:03:28][INFO ][ContextLoader.java:306] - Root WebApplicationContext initialized in 3558 ms
[17:03:28][INFO ][FrameworkServlet.java:524] - Initializing Servlet 'appServlet'
[17:03:32][INFO ][FrameworkServlet.java:546] - Completed initialization in 3891 ms
[17:03:34][INFO ][HomeController.java:27] - Welcome home! The client locale is ko_KR.
[17:06:24][INFO ][HomeController.java:27] - Welcome home! The client locale is ko_KR.
[17:08:13][INFO ][HomeController.java:27] - Welcome home! The client locale is ko_KR.
[17:08:51][INFO ][HomeController.java:27] - Welcome home! The client locale is ko_KR.
[17:10:43][INFO ][HomeController.java:27] - Welcome home! The client locale is ko_KR.
[17:11:02][INFO ][HomeController.java:27] - Welcome home! The client locale is ko_KR.
[17:13:04][INFO ][HomeController.java:27] - Welcome home! The client locale is ko_KR.
[17:15:31][INFO ][HomeController.java:27] - Welcome home! The client locale is ko_KR.
[17:16:07][INFO ][HomeController.java:27] - Welcome home! The client locale is ko_KR.
